The following values were not passed to `accelerate launch` and had defaults used instead:
	`--num_processes` was set to a value of `4`
		More than one GPU was found, enabling multi-GPU training.
		If this was unintended please pass in `--num_processes=1`.
	`--num_machines` was set to a value of `1`
	`--mixed_precision` was set to a value of `'no'`
	`--dynamo_backend` was set to a value of `'no'`
To avoid this warning pass in values for each of the problematic parameters or run `accelerate config`.
/mnt/petrelfs/zhaoshitian/anaconda3/envs/xlab/lib/python3.10/site-packages/accelerate/accelerator.py:443: UserWarning: `log_with=wandb` was passed but no supported trackers are currently installed.
  warnings.warn(f"`log_with={log_with}` was passed but no supported trackers are currently installed.")
Detected kernel version 3.10.0, which is below the recommended minimum of 5.5.0; this can cause the process to hang. It is recommended to upgrade the kernel to the minimum version or higher.
11/19/2024 21:36:45 - INFO - __main__ - Distributed environment: MULTI_GPU  Backend: nccl
Num processes: 4
Process index: 0
Local process index: 0
Device: cuda:0

Mixed precision type: bf16

DEVICE cuda:0
/mnt/petrelfs/zhaoshitian/anaconda3/envs/xlab/lib/python3.10/site-packages/accelerate/accelerator.py:443: UserWarning: `log_with=wandb` was passed but no supported trackers are currently installed.
  warnings.warn(f"`log_with={log_with}` was passed but no supported trackers are currently installed.")
/mnt/petrelfs/zhaoshitian/anaconda3/envs/xlab/lib/python3.10/site-packages/accelerate/accelerator.py:443: UserWarning: `log_with=wandb` was passed but no supported trackers are currently installed.
  warnings.warn(f"`log_with={log_with}` was passed but no supported trackers are currently installed.")
11/19/2024 21:36:46 - INFO - __main__ - Distributed environment: MULTI_GPU  Backend: nccl
Num processes: 4
Process index: 1
Local process index: 1
Device: cuda:1

Mixed precision type: bf16

DEVICE cuda:1
11/19/2024 21:36:46 - INFO - __main__ - Distributed environment: MULTI_GPU  Backend: nccl
Num processes: 4
Process index: 3
Local process index: 3
Device: cuda:3

Mixed precision type: bf16

DEVICE cuda:3
/mnt/petrelfs/zhaoshitian/anaconda3/envs/xlab/lib/python3.10/site-packages/accelerate/accelerator.py:443: UserWarning: `log_with=wandb` was passed but no supported trackers are currently installed.
  warnings.warn(f"`log_with={log_with}` was passed but no supported trackers are currently installed.")
11/19/2024 21:36:47 - INFO - __main__ - Distributed environment: MULTI_GPU  Backend: nccl
Num processes: 4
Process index: 2
Local process index: 2
Device: cuda:2

Mixed precision type: bf16

DEVICE cuda:2
Downloading shards:   0%|          | 0/2 [00:00<?, ?it/s]Downloading shards:   0%|          | 0/2 [00:00<?, ?it/s]Downloading shards:   0%|          | 0/2 [00:00<?, ?it/s]Downloading shards:   0%|          | 0/2 [00:00<?, ?it/s]Downloading shards:  50%|█████     | 1/2 [15:54<15:54, 954.98s/it]Downloading shards: 100%|██████████| 2/2 [44:20<00:00, 1396.72s/it]Downloading shards: 100%|██████████| 2/2 [44:20<00:00, 1330.46s/it]
Loading checkpoint shards:   0%|          | 0/2 [00:00<?, ?it/s]Loading checkpoint shards:  50%|█████     | 1/2 [00:00<00:00,  4.24it/s]Loading checkpoint shards: 100%|██████████| 2/2 [00:00<00:00,  4.47it/s]Loading checkpoint shards: 100%|██████████| 2/2 [00:00<00:00,  4.43it/s]
Downloading shards:  50%|█████     | 1/2 [47:04<47:04, 2824.89s/it]Error while downloading from https://cdn-lfs.hf.co/openai/clip-vit-large-patch14/a2bf730a0c7debf160f7a6b50b3aaf3703e7e88ac73de7a314903141db026dcb?response-content-disposition=inline%3B+filename*%3DUTF-8%27%27model.safetensors%3B+filename%3D%22model.safetensors%22%3B&Expires=1732284521&Policy=eyJTdGF0ZW1lbnQiOlt7IkNvbmRpdGlvbiI6eyJEYXRlTGVzc1RoYW4iOnsiQVdTOkVwb2NoVGltZSI6MTczMjI4NDUyMX19LCJSZXNvdXJjZSI6Imh0dHBzOi8vY2RuLWxmcy5oZi5jby9vcGVuYWkvY2xpcC12aXQtbGFyZ2UtcGF0Y2gxNC9hMmJmNzMwYTBjN2RlYmYxNjBmN2E2YjUwYjNhYWYzNzAzZTdlODhhYzczZGU3YTMxNDkwMzE0MWRiMDI2ZGNiP3Jlc3BvbnNlLWNvbnRlbnQtZGlzcG9zaXRpb249KiJ9XX0_&Signature=L%7EYPO1oP0LsrDV-hploj03btXYzKEHQZEMXN5SKtWdgME0Nq3bUWcPG5HYjaWLdVfPiiQnixjwTVhbx6XiXCZhsLCgtl1fWFNkhOtgf6ljcfZ8w1kU2cPqdX418VMYHX%7EcGMn7ZJu1P5FP2YSYG1STgNtvKxuZFKs8sZRFP3k0cgva7fbZItIPE80X3-cMiXW9kw3Ie%7EDKaG-FukI0SEP5yc6ceJNtoIoxei1qru6X6eoepqnq4U0HLcqrA689JHsb3rbQawOV8kPOWWekiKCjTYgcB9epb9BF-2ZE%7EC9eWYCYNXBQC5tlA74LlP03WLeO5PjE8Fvzig1AJXHklXQQ__&Key-Pair-Id=K3RPWS32NSSJCE: HTTPSConnectionPool(host='cdn-lfs.hf.co', port=443): Read timed out.
Trying to resume download...
11/19/2024 22:27:49 - WARNING - huggingface_hub.file_download - Error while downloading from https://cdn-lfs.hf.co/openai/clip-vit-large-patch14/a2bf730a0c7debf160f7a6b50b3aaf3703e7e88ac73de7a314903141db026dcb?response-content-disposition=inline%3B+filename*%3DUTF-8%27%27model.safetensors%3B+filename%3D%22model.safetensors%22%3B&Expires=1732284521&Policy=eyJTdGF0ZW1lbnQiOlt7IkNvbmRpdGlvbiI6eyJEYXRlTGVzc1RoYW4iOnsiQVdTOkVwb2NoVGltZSI6MTczMjI4NDUyMX19LCJSZXNvdXJjZSI6Imh0dHBzOi8vY2RuLWxmcy5oZi5jby9vcGVuYWkvY2xpcC12aXQtbGFyZ2UtcGF0Y2gxNC9hMmJmNzMwYTBjN2RlYmYxNjBmN2E2YjUwYjNhYWYzNzAzZTdlODhhYzczZGU3YTMxNDkwMzE0MWRiMDI2ZGNiP3Jlc3BvbnNlLWNvbnRlbnQtZGlzcG9zaXRpb249KiJ9XX0_&Signature=L%7EYPO1oP0LsrDV-hploj03btXYzKEHQZEMXN5SKtWdgME0Nq3bUWcPG5HYjaWLdVfPiiQnixjwTVhbx6XiXCZhsLCgtl1fWFNkhOtgf6ljcfZ8w1kU2cPqdX418VMYHX%7EcGMn7ZJu1P5FP2YSYG1STgNtvKxuZFKs8sZRFP3k0cgva7fbZItIPE80X3-cMiXW9kw3Ie%7EDKaG-FukI0SEP5yc6ceJNtoIoxei1qru6X6eoepqnq4U0HLcqrA689JHsb3rbQawOV8kPOWWekiKCjTYgcB9epb9BF-2ZE%7EC9eWYCYNXBQC5tlA74LlP03WLeO5PjE8Fvzig1AJXHklXQQ__&Key-Pair-Id=K3RPWS32NSSJCE: HTTPSConnectionPool(host='cdn-lfs.hf.co', port=443): Read timed out.
Trying to resume download...
Error while downloading from https://cdn-lfs.hf.co/openai/clip-vit-large-patch14/a2bf730a0c7debf160f7a6b50b3aaf3703e7e88ac73de7a314903141db026dcb?response-content-disposition=inline%3B+filename*%3DUTF-8%27%27model.safetensors%3B+filename%3D%22model.safetensors%22%3B&Expires=1732284521&Policy=eyJTdGF0ZW1lbnQiOlt7IkNvbmRpdGlvbiI6eyJEYXRlTGVzc1RoYW4iOnsiQVdTOkVwb2NoVGltZSI6MTczMjI4NDUyMX19LCJSZXNvdXJjZSI6Imh0dHBzOi8vY2RuLWxmcy5oZi5jby9vcGVuYWkvY2xpcC12aXQtbGFyZ2UtcGF0Y2gxNC9hMmJmNzMwYTBjN2RlYmYxNjBmN2E2YjUwYjNhYWYzNzAzZTdlODhhYzczZGU3YTMxNDkwMzE0MWRiMDI2ZGNiP3Jlc3BvbnNlLWNvbnRlbnQtZGlzcG9zaXRpb249KiJ9XX0_&Signature=L%7EYPO1oP0LsrDV-hploj03btXYzKEHQZEMXN5SKtWdgME0Nq3bUWcPG5HYjaWLdVfPiiQnixjwTVhbx6XiXCZhsLCgtl1fWFNkhOtgf6ljcfZ8w1kU2cPqdX418VMYHX%7EcGMn7ZJu1P5FP2YSYG1STgNtvKxuZFKs8sZRFP3k0cgva7fbZItIPE80X3-cMiXW9kw3Ie%7EDKaG-FukI0SEP5yc6ceJNtoIoxei1qru6X6eoepqnq4U0HLcqrA689JHsb3rbQawOV8kPOWWekiKCjTYgcB9epb9BF-2ZE%7EC9eWYCYNXBQC5tlA74LlP03WLeO5PjE8Fvzig1AJXHklXQQ__&Key-Pair-Id=K3RPWS32NSSJCE: HTTPSConnectionPool(host='cdn-lfs.hf.co', port=443): Read timed out.
Trying to resume download...
11/19/2024 22:28:58 - WARNING - huggingface_hub.file_download - Error while downloading from https://cdn-lfs.hf.co/openai/clip-vit-large-patch14/a2bf730a0c7debf160f7a6b50b3aaf3703e7e88ac73de7a314903141db026dcb?response-content-disposition=inline%3B+filename*%3DUTF-8%27%27model.safetensors%3B+filename%3D%22model.safetensors%22%3B&Expires=1732284521&Policy=eyJTdGF0ZW1lbnQiOlt7IkNvbmRpdGlvbiI6eyJEYXRlTGVzc1RoYW4iOnsiQVdTOkVwb2NoVGltZSI6MTczMjI4NDUyMX19LCJSZXNvdXJjZSI6Imh0dHBzOi8vY2RuLWxmcy5oZi5jby9vcGVuYWkvY2xpcC12aXQtbGFyZ2UtcGF0Y2gxNC9hMmJmNzMwYTBjN2RlYmYxNjBmN2E2YjUwYjNhYWYzNzAzZTdlODhhYzczZGU3YTMxNDkwMzE0MWRiMDI2ZGNiP3Jlc3BvbnNlLWNvbnRlbnQtZGlzcG9zaXRpb249KiJ9XX0_&Signature=L%7EYPO1oP0LsrDV-hploj03btXYzKEHQZEMXN5SKtWdgME0Nq3bUWcPG5HYjaWLdVfPiiQnixjwTVhbx6XiXCZhsLCgtl1fWFNkhOtgf6ljcfZ8w1kU2cPqdX418VMYHX%7EcGMn7ZJu1P5FP2YSYG1STgNtvKxuZFKs8sZRFP3k0cgva7fbZItIPE80X3-cMiXW9kw3Ie%7EDKaG-FukI0SEP5yc6ceJNtoIoxei1qru6X6eoepqnq4U0HLcqrA689JHsb3rbQawOV8kPOWWekiKCjTYgcB9epb9BF-2ZE%7EC9eWYCYNXBQC5tlA74LlP03WLeO5PjE8Fvzig1AJXHklXQQ__&Key-Pair-Id=K3RPWS32NSSJCE: HTTPSConnectionPool(host='cdn-lfs.hf.co', port=443): Read timed out.
Trying to resume download...
Init model
Loading checkpoint
Init AE
743.80728 parameters
Generating train split: 0 examples [00:00, ? examples/s]Generating train split: 100 examples [00:00, 360.30 examples/s]Generating train split: 200 examples [00:00, 369.07 examples/s]Generating train split: 300 examples [00:00, 379.40 examples/s]Generating train split: 400 examples [00:01, 376.64 examples/s]Generating train split: 500 examples [00:01, 387.34 examples/s]Generating train split: 600 examples [00:01, 396.87 examples/s]Generating train split: 700 examples [00:01, 386.52 examples/s]Generating train split: 800 examples [00:02, 391.21 examples/s]Generating train split: 900 examples [00:02, 393.16 examples/s]Generating train split: 1000 examples [00:02, 399.03 examples/s]Generating train split: 1100 examples [00:02, 388.76 examples/s]Generating train split: 1200 examples [00:03, 385.62 examples/s]Generating train split: 1300 examples [00:03, 397.02 examples/s]Generating train split: 1400 examples [00:03, 411.17 examples/s]Generating train split: 1500 examples [00:03, 400.12 examples/s]Generating train split: 1600 examples [00:04, 393.16 examples/s]Generating train split: 1700 examples [00:04, 401.78 examples/s]Generating train split: 1800 examples [00:04, 407.01 examples/s]Generating train split: 1900 examples [00:04, 403.61 examples/s]Generating train split: 2000 examples [00:05, 411.17 examples/s]Generating train split: 2100 examples [00:05, 417.68 examples/s]Generating train split: 2200 examples [00:05, 414.16 examples/s]Generating train split: 2300 examples [00:05, 404.59 examples/s]Generating train split: 2400 examples [00:06, 408.96 examples/s]Generating train split: 2500 examples [00:06, 400.71 examples/s]Generating train split: 2600 examples [00:06, 399.60 examples/s]Generating train split: 2700 examples [00:06, 408.01 examples/s]Generating train split: 2800 examples [00:07, 411.46 examples/s]Generating train split: 2900 examples [00:07, 420.79 examples/s]Generating train split: 3000 examples [00:07, 411.44 examples/s]Generating train split: 3100 examples [00:07, 418.06 examples/s]Generating train split: 3200 examples [00:07, 409.01 examples/s]Generating train split: 3300 examples [00:08, 416.24 examples/s]Generating train split: 3400 examples [00:08, 416.65 examples/s]Generating train split: 3500 examples [00:08, 429.22 examples/s]Generating train split: 3600 examples [00:08, 431.29 examples/s]Generating train split: 3700 examples [00:09, 429.52 examples/s]Generating train split: 3800 examples [00:09, 427.44 examples/s]Generating train split: 3900 examples [00:09, 431.49 examples/s]Generating train split: 4000 examples [00:09, 431.70 examples/s]Generating train split: 4100 examples [00:10, 414.72 examples/s]Generating train split: 4200 examples [00:10, 405.70 examples/s]Generating train split: 4300 examples [00:10, 418.71 examples/s]Generating train split: 4400 examples [00:10, 409.87 examples/s]Generating train split: 4500 examples [00:11, 396.64 examples/s]Generating train split: 4600 examples [00:11, 394.59 examples/s]Generating train split: 4700 examples [00:11, 402.78 examples/s]Generating train split: 4800 examples [00:11, 393.24 examples/s]Generating train split: 4900 examples [00:12, 401.91 examples/s]Generating train split: 5000 examples [00:12, 408.24 examples/s]Generating train split: 5100 examples [00:12, 402.75 examples/s]Generating train split: 5200 examples [00:12, 395.38 examples/s]Generating train split: 5300 examples [00:13, 392.83 examples/s]Generating train split: 5400 examples [00:13, 392.98 examples/s]Generating train split: 5500 examples [00:13, 398.64 examples/s]Generating train split: 5600 examples [00:13, 399.15 examples/s]Generating train split: 5700 examples [00:14, 403.12 examples/s]Generating train split: 5800 examples [00:14, 401.50 examples/s]Generating train split: 5900 examples [00:14, 402.06 examples/s]Generating train split: 6000 examples [00:14, 408.55 examples/s]Generating train split: 6100 examples [00:15, 409.27 examples/s]Generating train split: 6200 examples [00:15, 408.89 examples/s]Generating train split: 6300 examples [00:15, 413.43 examples/s]Generating train split: 6400 examples [00:15, 383.10 examples/s]Generating train split: 6500 examples [00:16, 382.42 examples/s]Generating train split: 6600 examples [00:16, 393.00 examples/s]Generating train split: 6700 examples [00:16, 396.16 examples/s]Generating train split: 6800 examples [00:16, 397.74 examples/s]Generating train split: 6900 examples [00:17, 411.10 examples/s]Generating train split: 7000 examples [00:17, 404.62 examples/s]Generating train split: 7100 examples [00:17, 401.51 examples/s]Generating train split: 7200 examples [00:17, 384.91 examples/s]Generating train split: 7300 examples [00:18, 394.31 examples/s]Generating train split: 7400 examples [00:18, 394.55 examples/s]Generating train split: 7500 examples [00:18, 399.86 examples/s]Generating train split: 7600 examples [00:18, 413.19 examples/s]Generating train split: 7700 examples [00:19, 418.82 examples/s]Generating train split: 7800 examples [00:19, 425.47 examples/s]Generating train split: 7900 examples [00:19, 417.02 examples/s]Generating train split: 8000 examples [00:19, 426.20 examples/s]Generating train split: 8100 examples [00:20, 424.00 examples/s]Generating train split: 8200 examples [00:20, 434.46 examples/s]Generating train split: 8300 examples [00:20, 414.25 examples/s]Generating train split: 8400 examples [00:20, 414.60 examples/s]Generating train split: 8500 examples [00:20, 421.09 examples/s]Generating train split: 8600 examples [00:21, 417.71 examples/s]Generating train split: 8700 examples [00:21, 411.43 examples/s]Generating train split: 8800 examples [00:21, 398.35 examples/s]Generating train split: 8900 examples [00:21, 393.30 examples/s]Generating train split: 9000 examples [00:22, 393.73 examples/s]Generating train split: 9100 examples [00:22, 408.98 examples/s]Generating train split: 9200 examples [00:22, 409.25 examples/s]Generating train split: 9300 examples [00:22, 395.17 examples/s]Generating train split: 9400 examples [00:23, 388.75 examples/s]Generating train split: 9500 examples [00:23, 388.74 examples/s]Generating train split: 9600 examples [00:23, 375.86 examples/s]Generating train split: 9700 examples [00:24, 384.53 examples/s]Generating train split: 9800 examples [00:24, 382.25 examples/s]Generating train split: 9900 examples [00:24, 380.39 examples/s]Generating train split: 10000 examples [00:24, 374.55 examples/s]Generating train split: 10100 examples [00:25, 375.54 examples/s]Generating train split: 10200 examples [00:25, 370.63 examples/s]Generating train split: 10300 examples [00:25, 360.11 examples/s]Generating train split: 10400 examples [00:25, 362.34 examples/s]Generating train split: 10500 examples [00:26, 365.41 examples/s]Generating train split: 10600 examples [00:26, 364.14 examples/s]Generating train split: 10700 examples [00:26, 369.52 examples/s]Generating train split: 10800 examples [00:27, 360.80 examples/s]Generating train split: 10900 examples [00:27, 362.99 examples/s]Generating train split: 11000 examples [00:27, 371.47 examples/s]Generating train split: 11100 examples [00:27, 379.43 examples/s]Generating train split: 11200 examples [00:28, 380.33 examples/s]Generating train split: 11300 examples [00:28, 388.81 examples/s]Generating train split: 11375 examples [00:28, 391.47 examples/s]Generating train split: 11475 examples [00:28, 374.38 examples/s]Generating train split: 11575 examples [00:29, 379.50 examples/s]Generating train split: 11675 examples [00:29, 380.44 examples/s]Generating train split: 11775 examples [00:29, 378.55 examples/s]Generating train split: 11875 examples [00:29, 388.90 examples/s]Generating train split: 11975 examples [00:30, 384.04 examples/s]Generating train split: 12075 examples [00:30, 382.95 examples/s]Generating train split: 12175 examples [00:30, 376.50 examples/s]Generating train split: 12275 examples [00:30, 376.89 examples/s]Generating train split: 12375 examples [00:31, 391.87 examples/s]Generating train split: 12475 examples [00:31, 397.62 examples/s]Generating train split: 12575 examples [00:31, 407.47 examples/s]Generating train split: 12675 examples [00:31, 416.09 examples/s]Generating train split: 12775 examples [00:32, 405.75 examples/s]Generating train split: 12875 examples [00:32, 405.30 examples/s]Generating train split: 12975 examples [00:32, 392.41 examples/s]Generating train split: 13075 examples [00:32, 385.47 examples/s]Generating train split: 13175 examples [00:33, 386.61 examples/s]Generating train split: 13275 examples [00:33, 394.32 examples/s]Generating train split: 13375 examples [00:33, 392.56 examples/s]Generating train split: 13475 examples [00:33, 400.35 examples/s]Generating train split: 13575 examples [00:34, 410.51 examples/s]Generating train split: 13675 examples [00:34, 405.09 examples/s]Generating train split: 13775 examples [00:34, 405.95 examples/s]Generating train split: 13875 examples [00:34, 414.75 examples/s]Generating train split: 13975 examples [00:35, 410.49 examples/s]Generating train split: 14075 examples [00:35, 406.93 examples/s]Generating train split: 14175 examples [00:35, 400.71 examples/s]Generating train split: 14275 examples [00:35, 378.66 examples/s]Generating train split: 14375 examples [00:36, 375.25 examples/s]Generating train split: 14475 examples [00:36, 378.70 examples/s]Generating train split: 14575 examples [00:36, 380.37 examples/s]Generating train split: 14675 examples [00:36, 386.90 examples/s]Generating train split: 14775 examples [00:37, 396.80 examples/s]Generating train split: 14875 examples [00:37, 398.55 examples/s]Generating train split: 14975 examples [00:37, 399.80 examples/s]Generating train split: 15075 examples [00:37, 397.53 examples/s]Generating train split: 15175 examples [00:38, 394.39 examples/s]Generating train split: 15275 examples [00:38, 397.16 examples/s]Generating train split: 15375 examples [00:38, 397.59 examples/s]Generating train split: 15475 examples [00:38, 393.56 examples/s]Generating train split: 15575 examples [00:39, 394.45 examples/s]Generating train split: 15675 examples [00:39, 396.02 examples/s]Generating train split: 15775 examples [00:39, 394.30 examples/s]Generating train split: 15875 examples [00:39, 391.53 examples/s]Generating train split: 15975 examples [00:40, 398.73 examples/s]Generating train split: 16075 examples [00:40, 413.20 examples/s]Generating train split: 16175 examples [00:40, 411.78 examples/s]Generating train split: 16275 examples [00:40, 402.70 examples/s]Generating train split: 16375 examples [00:41, 401.71 examples/s]Generating train split: 16475 examples [00:41, 391.25 examples/s]Generating train split: 16575 examples [00:41, 399.64 examples/s]Generating train split: 16675 examples [00:41, 399.43 examples/s]Generating train split: 16775 examples [00:42, 395.04 examples/s]Generating train split: 16875 examples [00:42, 396.16 examples/s]Generating train split: 16975 examples [00:42, 389.29 examples/s]Generating train split: 17075 examples [00:42, 383.45 examples/s]Generating train split: 17175 examples [00:43, 388.77 examples/s]Generating train split: 17275 examples [00:43, 372.74 examples/s]Generating train split: 17375 examples [00:43, 367.74 examples/s]Generating train split: 17475 examples [00:44, 364.62 examples/s]Generating train split: 17575 examples [00:44, 370.86 examples/s]Generating train split: 17675 examples [00:44, 370.19 examples/s]Generating train split: 17775 examples [00:44, 375.51 examples/s]Generating train split: 17875 examples [00:45, 375.55 examples/s]Generating train split: 17975 examples [00:45, 382.42 examples/s]Generating train split: 18075 examples [00:45, 392.67 examples/s]Generating train split: 18175 examples [00:45, 393.37 examples/s]Generating train split: 18275 examples [00:46, 391.90 examples/s]Generating train split: 18375 examples [00:46, 375.57 examples/s]Generating train split: 18475 examples [00:46, 385.36 examples/s]Generating train split: 18575 examples [00:46, 394.27 examples/s]Generating train split: 18675 examples [00:47, 386.30 examples/s]Generating train split: 18775 examples [00:47, 384.09 examples/s]Generating train split: 18875 examples [00:47, 391.03 examples/s]Generating train split: 18975 examples [00:47, 405.29 examples/s]Generating train split: 19075 examples [00:48, 412.34 examples/s]Generating train split: 19175 examples [00:48, 403.62 examples/s]Generating train split: 19275 examples [00:48, 398.05 examples/s]Generating train split: 19375 examples [00:48, 397.05 examples/s]Generating train split: 19475 examples [00:49, 389.96 examples/s]Generating train split: 19575 examples [00:49, 395.32 examples/s]Generating train split: 19675 examples [00:49, 402.14 examples/s]Generating train split: 19775 examples [00:49, 386.54 examples/s]Generating train split: 19875 examples [00:50, 387.18 examples/s]Generating train split: 19975 examples [00:50, 382.85 examples/s]Generating train split: 20075 examples [00:50, 393.04 examples/s]Generating train split: 20175 examples [00:50, 392.09 examples/s]Generating train split: 20275 examples [00:51, 390.79 examples/s]Generating train split: 20375 examples [00:51, 397.26 examples/s]Generating train split: 20475 examples [00:51, 402.63 examples/s]Generating train split: 20575 examples [00:51, 401.76 examples/s]Generating train split: 20675 examples [00:52, 406.05 examples/s]Generating train split: 20775 examples [00:52, 407.81 examples/s]Generating train split: 20875 examples [00:52, 397.00 examples/s]Generating train split: 20975 examples [00:52, 393.89 examples/s]Generating train split: 21075 examples [00:53, 392.47 examples/s]Generating train split: 21175 examples [00:53, 396.72 examples/s]Generating train split: 21275 examples [00:53, 396.19 examples/s]Generating train split: 21375 examples [00:53, 403.21 examples/s]Generating train split: 21475 examples [00:54, 401.27 examples/s]Generating train split: 21575 examples [00:54, 386.95 examples/s]Generating train split: 21675 examples [00:54, 365.76 examples/s]Generating train split: 21775 examples [00:55, 376.43 examples/s]Generating train split: 21875 examples [00:55, 392.21 examples/s]Generating train split: 21975 examples [00:55, 395.26 examples/s]Generating train split: 22075 examples [00:55, 393.49 examples/s]Generating train split: 22175 examples [00:56, 372.08 examples/s]Generating train split: 22275 examples [00:56, 374.48 examples/s]Generating train split: 22375 examples [00:56, 380.05 examples/s]Generating train split: 22475 examples [00:56, 377.71 examples/s]Generating train split: 22575 examples [00:57, 385.01 examples/s]Generating train split: 22675 examples [00:57, 376.28 examples/s]Generating train split: 22750 examples [00:57, 376.65 examples/s]Generating train split: 22850 examples [00:57, 382.68 examples/s]Generating train split: 22950 examples [00:58, 398.76 examples/s]Generating train split: 23050 examples [00:58, 410.63 examples/s]Generating train split: 23150 examples [00:58, 423.01 examples/s]Generating train split: 23250 examples [00:58, 418.95 examples/s]Generating train split: 23350 examples [00:59, 408.39 examples/s]Generating train split: 23450 examples [00:59, 426.90 examples/s]Generating train split: 23550 examples [00:59, 410.37 examples/s]Generating train split: 23650 examples [00:59, 412.84 examples/s]Generating train split: 23750 examples [01:00, 392.82 examples/s]Generating train split: 23850 examples [01:00, 390.72 examples/s]Generating train split: 23950 examples [01:00, 397.90 examples/s]Generating train split: 24050 examples [01:00, 404.61 examples/s]Generating train split: 24150 examples [01:01, 404.75 examples/s]Generating train split: 24250 examples [01:01, 376.65 examples/s]Generating train split: 24350 examples [01:01, 373.19 examples/s]Generating train split: 24450 examples [01:01, 377.91 examples/s]Generating train split: 24550 examples [01:02, 384.67 examples/s]Generating train split: 24650 examples [01:02, 394.11 examples/s]Generating train split: 24750 examples [01:02, 389.63 examples/s]Generating train split: 24850 examples [01:02, 392.11 examples/s]Generating train split: 24950 examples [01:03, 407.20 examples/s]Generating train split: 25050 examples [01:03, 408.54 examples/s]Generating train split: 25150 examples [01:03, 395.27 examples/s]Generating train split: 25250 examples [01:03, 400.49 examples/s]Generating train split: 25350 examples [01:04, 409.97 examples/s]Generating train split: 25450 examples [01:04, 406.18 examples/s]Generating train split: 25550 examples [01:04, 404.93 examples/s]Generating train split: 25650 examples [01:04, 405.30 examples/s]Generating train split: 25750 examples [01:05, 404.96 examples/s]Generating train split: 25850 examples [01:05, 384.59 examples/s]Generating train split: 25950 examples [01:05, 397.07 examples/s]Generating train split: 26050 examples [01:05, 400.50 examples/s]Generating train split: 26150 examples [01:06, 392.33 examples/s]Generating train split: 26250 examples [01:06, 376.75 examples/s]Generating train split: 26350 examples [01:06, 392.72 examples/s]Generating train split: 26450 examples [01:06, 401.08 examples/s]Generating train split: 26550 examples [01:07, 412.27 examples/s]Generating train split: 26650 examples [01:07, 407.95 examples/s]Generating train split: 26750 examples [01:07, 399.18 examples/s]Generating train split: 26850 examples [01:07, 381.91 examples/s]Generating train split: 26950 examples [01:08, 392.79 examples/s]Generating train split: 27050 examples [01:08, 385.81 examples/s]Generating train split: 27150 examples [01:08, 391.85 examples/s]Generating train split: 27250 examples [01:08, 399.50 examples/s]Generating train split: 27350 examples [01:09, 401.41 examples/s]Generating train split: 27450 examples [01:09, 415.71 examples/s]Generating train split: 27550 examples [01:09, 411.21 examples/s]Generating train split: 27650 examples [01:09, 413.51 examples/s]Generating train split: 27750 examples [01:10, 391.16 examples/s]Generating train split: 27850 examples [01:10, 390.21 examples/s]Generating train split: 27950 examples [01:10, 398.80 examples/s]Generating train split: 28050 examples [01:10, 400.63 examples/s]Generating train split: 28150 examples [01:11, 392.31 examples/s]Generating train split: 28250 examples [01:11, 375.75 examples/s]Generating train split: 28350 examples [01:11, 377.18 examples/s]Generating train split: 28450 examples [01:11, 363.87 examples/s]Generating train split: 28550 examples [01:12, 377.54 examples/s]Generating train split: 28650 examples [01:12, 374.28 examples/s]Generating train split: 28750 examples [01:12, 372.70 examples/s]Generating train split: 28850 examples [01:13, 378.48 examples/s]Generating train split: 28950 examples [01:13, 371.91 examples/s]Generating train split: 29050 examples [01:13, 375.55 examples/s]Generating train split: 29150 examples [01:13, 357.61 examples/s]Generating train split: 29250 examples [01:14, 358.10 examples/s]Generating train split: 29350 examples [01:14, 363.61 examples/s]Generating train split: 29450 examples [01:14, 373.08 examples/s]Generating train split: 29550 examples [01:14, 374.42 examples/s]Generating train split: 29650 examples [01:15, 376.25 examples/s]Generating train split: 29750 examples [01:15, 378.96 examples/s]Generating train split: 29850 examples [01:15, 380.24 examples/s]Generating train split: 29950 examples [01:15, 382.23 examples/s]Generating train split: 30050 examples [01:16, 388.03 examples/s]Generating train split: 30150 examples [01:16, 398.52 examples/s]Generating train split: 30250 examples [01:16, 394.26 examples/s]Generating train split: 30350 examples [01:16, 400.07 examples/s]Generating train split: 30450 examples [01:17, 405.69 examples/s]Generating train split: 30550 examples [01:17, 416.88 examples/s]Generating train split: 30650 examples [01:17, 417.46 examples/s]Generating train split: 30750 examples [01:17, 429.66 examples/s]Generating train split: 30850 examples [01:18, 396.83 examples/s]Generating train split: 30950 examples [01:18, 397.70 examples/s]Generating train split: 31050 examples [01:18, 399.86 examples/s]Generating train split: 31150 examples [01:18, 410.00 examples/s]Generating train split: 31250 examples [01:19, 401.05 examples/s]Generating train split: 31350 examples [01:19, 400.46 examples/s]Generating train split: 31450 examples [01:19, 397.07 examples/s]Generating train split: 31550 examples [01:19, 405.24 examples/s]Generating train split: 31650 examples [01:20, 411.68 examples/s]Generating train split: 31750 examples [01:20, 406.13 examples/s]Generating train split: 31850 examples [01:20, 413.28 examples/s]Generating train split: 31950 examples [01:20, 428.73 examples/s]Generating train split: 32050 examples [01:21, 428.08 examples/s]Generating train split: 32150 examples [01:21, 438.49 examples/s]Generating train split: 32250 examples [01:21, 443.02 examples/s]Generating train split: 32350 examples [01:21, 441.59 examples/s]Generating train split: 32450 examples [01:21, 435.70 examples/s]Generating train split: 32550 examples [01:22, 430.74 examples/s]Generating train split: 32650 examples [01:22, 437.74 examples/s]Generating train split: 32750 examples [01:22, 437.79 examples/s]Generating train split: 32850 examples [01:22, 445.62 examples/s]Generating train split: 32950 examples [01:23, 430.46 examples/s]Generating train split: 33050 examples [01:23, 418.73 examples/s]Generating train split: 33150 examples [01:23, 359.21 examples/s]Generating train split: 33250 examples [01:24, 366.11 examples/s]Generating train split: 33350 examples [01:24, 371.39 examples/s]Generating train split: 33450 examples [01:24, 379.29 examples/s]Generating train split: 33550 examples [01:24, 384.75 examples/s]Generating train split: 33650 examples [01:25, 383.71 examples/s]Generating train split: 33750 examples [01:25, 393.78 examples/s]Generating train split: 33850 examples [01:25, 402.35 examples/s]Generating train split: 33950 examples [01:25, 403.64 examples/s]Generating train split: 34050 examples [01:26, 387.91 examples/s]Generating train split: 34125 examples [01:26, 391.62 examples/s]Generating train split: 34225 examples [01:26, 393.52 examples/s]Generating train split: 34325 examples [01:26, 384.51 examples/s]Generating train split: 34425 examples [01:27, 381.95 examples/s]Generating train split: 34525 examples [01:27, 379.63 examples/s]Generating train split: 34625 examples [01:27, 388.92 examples/s]Generating train split: 34725 examples [01:27, 395.50 examples/s]Generating train split: 34825 examples [01:28, 401.47 examples/s]Generating train split: 34925 examples [01:28, 391.19 examples/s]Generating train split: 35025 examples [01:28, 388.52 examples/s]Generating train split: 35125 examples [01:28, 375.75 examples/s]Generating train split: 35225 examples [01:29, 389.97 examples/s]Generating train split: 35325 examples [01:29, 399.17 examples/s]Generating train split: 35425 examples [01:29, 403.04 examples/s]Generating train split: 35525 examples [01:29, 394.72 examples/s]Generating train split: 35625 examples [01:30, 393.32 examples/s]Generating train split: 35725 examples [01:30, 387.60 examples/s]Generating train split: 35825 examples [01:30, 392.94 examples/s]Generating train split: 35925 examples [01:30, 393.02 examples/s]Generating train split: 36025 examples [01:31, 393.00 examples/s]Generating train split: 36125 examples [01:31, 375.08 examples/s]Generating train split: 36225 examples [01:31, 382.35 examples/s]Generating train split: 36325 examples [01:31, 379.34 examples/s]Generating train split: 36425 examples [01:32, 384.12 examples/s]Generating train split: 36525 examples [01:32, 384.80 examples/s]Generating train split: 36625 examples [01:32, 382.62 examples/s]Generating train split: 36725 examples [01:32, 382.21 examples/s]Generating train split: 36825 examples [01:33, 377.44 examples/s]Generating train split: 36925 examples [01:33, 382.22 examples/s]Generating train split: 37025 examples [01:33, 380.06 examples/s]Generating train split: 37125 examples [01:34, 380.31 examples/s]Generating train split: 37225 examples [01:34, 384.75 examples/s]Generating train split: 37325 examples [01:34, 385.30 examples/s]Generating train split: 37425 examples [01:34, 392.34 examples/s]Generating train split: 37525 examples [01:34, 402.04 examples/s]Generating train split: 37625 examples [01:35, 396.10 examples/s]Generating train split: 37725 examples [01:35, 396.08 examples/s]Generating train split: 37825 examples [01:35, 384.06 examples/s]Generating train split: 37925 examples [01:36, 395.34 examples/s]Generating train split: 38025 examples [01:36, 394.60 examples/s]Generating train split: 38125 examples [01:36, 394.64 examples/s]Generating train split: 38225 examples [01:36, 393.79 examples/s]Generating train split: 38325 examples [01:37, 399.34 examples/s]Generating train split: 38425 examples [01:37, 381.45 examples/s]Generating train split: 38525 examples [01:37, 389.93 examples/s]Generating train split: 38625 examples [01:37, 396.19 examples/s]Generating train split: 38725 examples [01:38, 391.33 examples/s]Generating train split: 38825 examples [01:38, 414.30 examples/s]Generating train split: 38925 examples [01:38, 423.80 examples/s]Generating train split: 39025 examples [01:38, 427.18 examples/s]Generating train split: 39125 examples [01:38, 425.09 examples/s]Generating train split: 39225 examples [01:39, 423.81 examples/s]Generating train split: 39325 examples [01:39, 425.45 examples/s]Generating train split: 39425 examples [01:39, 421.85 examples/s]Generating train split: 39525 examples [01:39, 414.01 examples/s]Generating train split: 39625 examples [01:40, 420.61 examples/s]Generating train split: 39725 examples [01:40, 420.34 examples/s]Generating train split: 39825 examples [01:40, 416.32 examples/s]Generating train split: 39925 examples [01:40, 412.48 examples/s]Generating train split: 40025 examples [01:41, 412.30 examples/s]Generating train split: 40125 examples [01:41, 402.00 examples/s]Generating train split: 40225 examples [01:41, 393.06 examples/s]Generating train split: 40325 examples [01:41, 405.57 examples/s]Generating train split: 40425 examples [01:42, 414.34 examples/s]Generating train split: 40525 examples [01:42, 412.94 examples/s]Generating train split: 40625 examples [01:42, 420.98 examples/s]Generating train split: 40725 examples [01:42, 423.65 examples/s]Generating train split: 40825 examples [01:43, 403.98 examples/s]Generating train split: 40925 examples [01:43, 398.60 examples/s]Generating train split: 41025 examples [01:43, 407.47 examples/s]Generating train split: 41125 examples [01:43, 420.21 examples/s]Generating train split: 41225 examples [01:44, 428.20 examples/s]Generating train split: 41325 examples [01:44, 435.67 examples/s]Generating train split: 41425 examples [01:44, 430.93 examples/s]Generating train split: 41525 examples [01:44, 437.35 examples/s]Generating train split: 41625 examples [01:44, 426.00 examples/s]Generating train split: 41725 examples [01:45, 411.71 examples/s]Generating train split: 41825 examples [01:45, 428.44 examples/s]Generating train split: 41925 examples [01:45, 420.70 examples/s]Generating train split: 42025 examples [01:45, 426.83 examples/s]Generating train split: 42125 examples [01:46, 423.66 examples/s]Generating train split: 42225 examples [01:46, 413.92 examples/s]Generating train split: 42325 examples [01:46, 410.33 examples/s]Generating train split: 42425 examples [01:46, 421.29 examples/s]Generating train split: 42525 examples [01:47, 426.06 examples/s]Generating train split: 42625 examples [01:47, 432.96 examples/s]Generating train split: 42725 examples [01:47, 430.50 examples/s]Generating train split: 42825 examples [01:47, 415.29 examples/s]Generating train split: 42925 examples [01:48, 428.03 examples/s]Generating train split: 43025 examples [01:48, 420.59 examples/s]Generating train split: 43125 examples [01:48, 424.85 examples/s]Generating train split: 43225 examples [01:48, 424.87 examples/s]Generating train split: 43325 examples [01:48, 427.48 examples/s]Generating train split: 43425 examples [01:49, 415.24 examples/s]Generating train split: 43525 examples [01:49, 418.57 examples/s]Generating train split: 43625 examples [01:49, 421.61 examples/s]Generating train split: 43725 examples [01:49, 424.87 examples/s]Generating train split: 43825 examples [01:50, 420.45 examples/s]Generating train split: 43925 examples [01:50, 420.28 examples/s]Generating train split: 44025 examples [01:50, 420.91 examples/s]Generating train split: 44125 examples [01:50, 421.41 examples/s]Generating train split: 44225 examples [01:51, 424.75 examples/s]Generating train split: 44325 examples [01:51, 426.09 examples/s]Generating train split: 44425 examples [01:51, 419.31 examples/s]Generating train split: 44525 examples [01:51, 413.27 examples/s]Generating train split: 44625 examples [01:52, 414.49 examples/s]Generating train split: 44725 examples [01:52, 418.78 examples/s]Generating train split: 44825 examples [01:52, 397.32 examples/s]Generating train split: 44925 examples [01:52, 405.21 examples/s]Generating train split: 45025 examples [01:53, 419.93 examples/s]Generating train split: 45125 examples [01:53, 428.01 examples/s]Generating train split: 45225 examples [01:53, 426.97 examples/s]Generating train split: 45325 examples [01:53, 429.04 examples/s]Generating train split: 45425 examples [01:53, 426.47 examples/s]Generating train split: 45500 examples [01:54, 422.04 examples/s]Generating train split: 45600 examples [01:54, 408.09 examples/s]Generating train split: 45700 examples [01:54, 419.99 examples/s]Generating train split: 45800 examples [01:54, 408.94 examples/s]Generating train split: 45900 examples [01:55, 420.27 examples/s]Generating train split: 46000 examples [01:55, 430.38 examples/s]Generating train split: 46100 examples [01:55, 421.37 examples/s]Generating train split: 46200 examples [01:55, 416.72 examples/s]Generating train split: 46300 examples [01:56, 420.71 examples/s]Generating train split: 46400 examples [01:56, 431.12 examples/s]Generating train split: 46500 examples [01:56, 420.62 examples/s]Generating train split: 46600 examples [01:56, 415.86 examples/s]Generating train split: 46700 examples [01:57, 394.38 examples/s]Generating train split: 46800 examples [01:57, 389.19 examples/s]Generating train split: 46900 examples [01:57, 394.87 examples/s]Generating train split: 47000 examples [01:57, 394.35 examples/s]Generating train split: 47100 examples [01:58, 407.95 examples/s]Generating train split: 47200 examples [01:58, 416.70 examples/s]Generating train split: 47300 examples [01:58, 410.84 examples/s]Generating train split: 47400 examples [01:58, 406.91 examples/s]Generating train split: 47500 examples [01:59, 417.96 examples/s]Generating train split: 47600 examples [01:59, 402.68 examples/s]Generating train split: 47700 examples [01:59, 405.31 examples/s]Generating train split: 47800 examples [01:59, 394.58 examples/s]Generating train split: 47900 examples [02:00, 398.30 examples/s]Generating train split: 48000 examples [02:00, 401.50 examples/s]Generating train split: 48100 examples [02:00, 408.44 examples/s]Generating train split: 48200 examples [02:00, 401.48 examples/s]Generating train split: 48300 examples [02:01, 394.07 examples/s]Generating train split: 48400 examples [02:01, 392.46 examples/s]Generating train split: 48500 examples [02:01, 399.59 examples/s]Generating train split: 48600 examples [02:01, 403.97 examples/s]Generating train split: 48700 examples [02:02, 406.93 examples/s]Generating train split: 48800 examples [02:02, 402.33 examples/s]Generating train split: 48900 examples [02:02, 408.29 examples/s]Generating train split: 49000 examples [02:02, 399.36 examples/s]Generating train split: 49100 examples [02:03, 401.85 examples/s]Generating train split: 49200 examples [02:03, 417.32 examples/s]Generating train split: 49300 examples [02:03, 419.23 examples/s]Generating train split: 49400 examples [02:03, 426.76 examples/s]Generating train split: 49500 examples [02:03, 431.28 examples/s]Generating train split: 49600 examples [02:04, 435.44 examples/s]Generating train split: 49700 examples [02:04, 437.01 examples/s]Generating train split: 49800 examples [02:04, 446.80 examples/s]Generating train split: 49900 examples [02:04, 452.59 examples/s]Generating train split: 50000 examples [02:05, 440.79 examples/s]Generating train split: 50100 examples [02:05, 446.56 examples/s]Generating train split: 50200 examples [02:05, 440.23 examples/s]Generating train split: 50300 examples [02:05, 427.90 examples/s]Generating train split: 50400 examples [02:05, 434.28 examples/s]Generating train split: 50500 examples [02:06, 440.63 examples/s]Generating train split: 50600 examples [02:06, 435.25 examples/s]Generating train split: 50700 examples [02:06, 408.99 examples/s]Generating train split: 50800 examples [02:06, 409.04 examples/s]Generating train split: 50900 examples [02:07, 410.57 examples/s]Generating train split: 51000 examples [02:07, 407.23 examples/s]Generating train split: 51100 examples [02:07, 395.36 examples/s]Generating train split: 51200 examples [02:07, 392.61 examples/s]Generating train split: 51300 examples [02:08, 397.69 examples/s]Generating train split: 51400 examples [02:08, 391.30 examples/s]Generating train split: 51500 examples [02:08, 393.31 examples/s]Generating train split: 51600 examples [02:08, 393.78 examples/s]Generating train split: 51700 examples [02:09, 400.96 examples/s]Generating train split: 51800 examples [02:09, 419.71 examples/s]Generating train split: 51900 examples [02:09, 425.63 examples/s]Generating train split: 52000 examples [02:09, 419.93 examples/s]Generating train split: 52100 examples [02:10, 415.71 examples/s]Generating train split: 52200 examples [02:10, 414.22 examples/s]Generating train split: 52300 examples [02:10, 415.22 examples/s]Generating train split: 52400 examples [02:10, 412.75 examples/s]Generating train split: 52500 examples [02:11, 406.45 examples/s]Generating train split: 52600 examples [02:11, 387.26 examples/s]Generating train split: 52700 examples [02:11, 381.65 examples/s]Generating train split: 52800 examples [02:11, 388.40 examples/s]Generating train split: 52900 examples [02:12, 387.91 examples/s]Generating train split: 53000 examples [02:12, 396.00 examples/s]Generating train split: 53100 examples [02:12, 399.66 examples/s]Generating train split: 53200 examples [02:12, 395.82 examples/s]Generating train split: 53300 examples [02:13, 393.80 examples/s]Generating train split: 53400 examples [02:13, 406.13 examples/s]Generating train split: 53500 examples [02:13, 405.84 examples/s]Generating train split: 53600 examples [02:13, 408.05 examples/s]Generating train split: 53700 examples [02:14, 400.66 examples/s]Generating train split: 53800 examples [02:14, 406.76 examples/s]Generating train split: 53900 examples [02:14, 402.11 examples/s]Generating train split: 54000 examples [02:14, 410.07 examples/s]Generating train split: 54100 examples [02:15, 417.96 examples/s]Generating train split: 54200 examples [02:15, 426.42 examples/s]Generating train split: 54300 examples [02:15, 422.17 examples/s]Generating train split: 54400 examples [02:15, 415.02 examples/s]Generating train split: 54500 examples [02:16, 421.68 examples/s]Generating train split: 54600 examples [02:16, 422.87 examples/s]Generating train split: 54700 examples [02:16, 422.84 examples/s]Generating train split: 54800 examples [02:16, 425.62 examples/s]Generating train split: 54900 examples [02:17, 434.58 examples/s]Generating train split: 55000 examples [02:17, 441.58 examples/s]Generating train split: 55100 examples [02:17, 425.49 examples/s]Generating train split: 55200 examples [02:17, 438.34 examples/s]Generating train split: 55300 examples [02:17, 428.31 examples/s]Generating train split: 55400 examples [02:18, 431.04 examples/s]Generating train split: 55500 examples [02:18, 418.18 examples/s]Generating train split: 55600 examples [02:18, 411.90 examples/s]Generating train split: 55700 examples [02:18, 411.41 examples/s]Generating train split: 55800 examples [02:19, 415.01 examples/s]Generating train split: 55900 examples [02:19, 411.83 examples/s]Generating train split: 56000 examples [02:19, 407.99 examples/s]Generating train split: 56100 examples [02:19, 407.66 examples/s]Generating train split: 56200 examples [02:20, 398.91 examples/s]Generating train split: 56300 examples [02:20, 401.17 examples/s]Generating train split: 56400 examples [02:20, 397.17 examples/s]Generating train split: 56500 examples [02:20, 387.36 examples/s]Generating train split: 56600 examples [02:21, 396.89 examples/s]Generating train split: 56700 examples [02:21, 397.39 examples/s]Generating train split: 56800 examples [02:21, 402.82 examples/s]Generating train split: 56875 examples [02:21, 403.60 examples/s]Generating train split: 56975 examples [02:22, 405.54 examples/s]Generating train split: 57075 examples [02:22, 412.87 examples/s]Generating train split: 57175 examples [02:22, 418.19 examples/s]Generating train split: 57275 examples [02:22, 429.92 examples/s]Generating train split: 57375 examples [02:22, 439.38 examples/s]Generating train split: 57475 examples [02:23, 444.94 examples/s]Generating train split: 57575 examples [02:23, 445.89 examples/s]Generating train split: 57675 examples [02:23, 444.22 examples/s]Generating train split: 57775 examples [02:23, 441.37 examples/s]Generating train split: 57875 examples [02:24, 424.42 examples/s]Generating train split: 57975 examples [02:24, 426.14 examples/s]Generating train split: 58075 examples [02:24, 416.54 examples/s]Generating train split: 58175 examples [02:24, 417.00 examples/s]Generating train split: 58275 examples [02:25, 417.11 examples/s]Generating train split: 58375 examples [02:25, 409.91 examples/s]Generating train split: 58475 examples [02:25, 416.87 examples/s]Generating train split: 58575 examples [02:25, 422.42 examples/s]Generating train split: 58675 examples [02:26, 421.44 examples/s]Generating train split: 58775 examples [02:26, 425.20 examples/s]Generating train split: 58875 examples [02:26, 409.29 examples/s]Generating train split: 58975 examples [02:26, 409.65 examples/s]Generating train split: 59075 examples [02:27, 411.33 examples/s]Generating train split: 59175 examples [02:27, 406.26 examples/s]Generating train split: 59275 examples [02:27, 409.74 examples/s]Generating train split: 59375 examples [02:27, 400.73 examples/s]Generating train split: 59475 examples [02:28, 398.92 examples/s]Generating train split: 59575 examples [02:28, 399.76 examples/s]Generating train split: 59675 examples [02:28, 390.16 examples/s]Generating train split: 59775 examples [02:28, 397.59 examples/s]Generating train split: 59875 examples [02:29, 392.85 examples/s]Generating train split: 59975 examples [02:29, 399.20 examples/s]Generating train split: 60075 examples [02:29, 389.31 examples/s]Generating train split: 60175 examples [02:29, 396.95 examples/s]Generating train split: 60275 examples [02:30, 395.04 examples/s]Generating train split: 60375 examples [02:30, 399.92 examples/s]Generating train split: 60475 examples [02:30, 393.45 examples/s]Generating train split: 60575 examples [02:30, 388.43 examples/s]Generating train split: 60675 examples [02:31, 393.07 examples/s]Generating train split: 60775 examples [02:31, 385.98 examples/s]Generating train split: 60875 examples [02:31, 387.23 examples/s]Generating train split: 60975 examples [02:31, 386.52 examples/s]Generating train split: 61075 examples [02:32, 390.12 examples/s]Generating train split: 61175 examples [02:32, 386.80 examples/s]Generating train split: 61275 examples [02:32, 393.35 examples/s]Generating train split: 61375 examples [02:32, 399.39 examples/s]Generating train split: 61475 examples [02:33, 400.33 examples/s]Generating train split: 61575 examples [02:33, 404.92 examples/s]Generating train split: 61675 examples [02:33, 399.29 examples/s]Generating train split: 61775 examples [02:33, 412.96 examples/s]Generating train split: 61875 examples [02:34, 406.25 examples/s]Generating train split: 61975 examples [02:34, 412.33 examples/s]Generating train split: 62075 examples [02:34, 415.00 examples/s]Generating train split: 62175 examples [02:34, 423.13 examples/s]Generating train split: 62275 examples [02:35, 420.86 examples/s]Generating train split: 62375 examples [02:35, 414.39 examples/s]Generating train split: 62475 examples [02:35, 422.48 examples/s]Generating train split: 62575 examples [02:35, 424.41 examples/s]Generating train split: 62675 examples [02:35, 427.98 examples/s]Generating train split: 62775 examples [02:36, 432.76 examples/s]Generating train split: 62875 examples [02:36, 434.06 examples/s]Generating train split: 62975 examples [02:36, 434.63 examples/s]Generating train split: 63075 examples [02:36, 421.06 examples/s]Generating train split: 63175 examples [02:37, 427.26 examples/s]Generating train split: 63275 examples [02:37, 423.11 examples/s]Generating train split: 63375 examples [02:37, 425.28 examples/s]Generating train split: 63475 examples [02:37, 427.58 examples/s]Generating train split: 63575 examples [02:38, 425.98 examples/s]Generating train split: 63675 examples [02:38, 425.98 examples/s]Generating train split: 63775 examples [02:38, 425.13 examples/s]Generating train split: 63875 examples [02:38, 434.33 examples/s]Generating train split: 63975 examples [02:39, 440.48 examples/s]Generating train split: 64075 examples [02:39, 446.23 examples/s]Generating train split: 64175 examples [02:39, 443.35 examples/s]Generating train split: 64275 examples [02:39, 438.86 examples/s]Generating train split: 64375 examples [02:39, 436.74 examples/s]Generating train split: 64475 examples [02:40, 444.14 examples/s]Generating train split: 64575 examples [02:40, 431.95 examples/s]Generating train split: 64675 examples [02:40, 421.82 examples/s]Generating train split: 64775 examples [02:40, 425.70 examples/s]Generating train split: 64875 examples [02:41, 429.27 examples/s]Generating train split: 64975 examples [02:41, 431.74 examples/s]Generating train split: 65075 examples [02:41, 431.71 examples/s]Generating train split: 65175 examples [02:41, 431.73 examples/s]Generating train split: 65275 examples [02:42, 425.63 examples/s]Generating train split: 65375 examples [02:42, 423.05 examples/s]Generating train split: 65475 examples [02:42, 420.41 examples/s]Generating train split: 65575 examples [02:42, 426.37 examples/s]Generating train split: 65675 examples [02:42, 429.69 examples/s]Generating train split: 65775 examples [02:43, 433.45 examples/s]Generating train split: 65875 examples [02:43, 419.20 examples/s]Generating train split: 65975 examples [02:43, 419.51 examples/s]Generating train split: 66075 examples [02:43, 418.71 examples/s]Generating train split: 66175 examples [02:44, 419.30 examples/s]Generating train split: 66275 examples [02:44, 427.28 examples/s]Generating train split: 66375 examples [02:44, 415.12 examples/s]Generating train split: 66475 examples [02:44, 415.64 examples/s]Generating train split: 66575 examples [02:45, 414.37 examples/s]Generating train split: 66675 examples [02:45, 424.61 examples/s]Generating train split: 66775 examples [02:45, 435.14 examples/s]Generating train split: 66875 examples [02:45, 426.40 examples/s]Generating train split: 66975 examples [02:46, 415.20 examples/s]Generating train split: 67075 examples [02:46, 433.29 examples/s]Generating train split: 67175 examples [02:46, 435.95 examples/s]Generating train split: 67275 examples [02:46, 435.92 examples/s]Generating train split: 67375 examples [02:46, 434.17 examples/s]Generating train split: 67475 examples [02:47, 434.92 examples/s]Generating train split: 67575 examples [02:47, 433.61 examples/s]Generating train split: 67675 examples [02:47, 438.58 examples/s]Generating train split: 67775 examples [02:47, 427.61 examples/s]Generating train split: 67875 examples [02:48, 425.83 examples/s]Generating train split: 67975 examples [02:48, 421.18 examples/s]Generating train split: 68075 examples [02:48, 417.94 examples/s]Generating train split: 68175 examples [02:48, 414.17 examples/s]Generating train split: 68250 examples [02:49, 411.71 examples/s]Generating train split: 68350 examples [02:49, 403.27 examples/s]Generating train split: 68450 examples [02:49, 412.47 examples/s]Generating train split: 68550 examples [02:49, 402.89 examples/s]Generating train split: 68650 examples [02:50, 403.82 examples/s]Generating train split: 68750 examples [02:50, 404.12 examples/s]Generating train split: 68850 examples [02:50, 408.52 examples/s]Generating train split: 68950 examples [02:50, 415.53 examples/s]Generating train split: 69050 examples [02:51, 406.99 examples/s]Generating train split: 69150 examples [02:51, 395.89 examples/s]Generating train split: 69250 examples [02:51, 394.94 examples/s]Generating train split: 69350 examples [02:51, 388.42 examples/s]Generating train split: 69450 examples [02:52, 398.16 examples/s]Generating train split: 69550 examples [02:52, 405.43 examples/s]Generating train split: 69650 examples [02:52, 402.29 examples/s]Generating train split: 69750 examples [02:52, 387.78 examples/s]Generating train split: 69850 examples [02:53, 383.81 examples/s]Generating train split: 69950 examples [02:53, 382.09 examples/s]Generating train split: 70050 examples [02:53, 381.96 examples/s]Generating train split: 70150 examples [02:53, 383.50 examples/s]Generating train split: 70250 examples [02:54, 380.12 examples/s]Generating train split: 70350 examples [02:54, 388.72 examples/s]Generating train split: 70450 examples [02:54, 382.49 examples/s]Generating train split: 70550 examples [02:54, 384.10 examples/s]Generating train split: 70650 examples [02:55, 391.70 examples/s]Generating train split: 70750 examples [02:55, 396.95 examples/s]Generating train split: 70850 examples [02:55, 394.80 examples/s]Generating train split: 70950 examples [02:55, 404.76 examples/s]Generating train split: 71050 examples [02:56, 411.81 examples/s]Generating train split: 71150 examples [02:56, 416.77 examples/s]Generating train split: 71250 examples [02:56, 401.90 examples/s]Generating train split: 71350 examples [02:56, 394.22 examples/s]Generating train split: 71450 examples [02:57, 396.04 examples/s]Generating train split: 71550 examples [02:57, 389.60 examples/s]Generating train split: 71650 examples [02:57, 397.44 examples/s]Generating train split: 71750 examples [02:57, 396.71 examples/s]Generating train split: 71850 examples [02:58, 395.30 examples/s]Generating train split: 71950 examples [02:58, 402.77 examples/s]Generating train split: 72050 examples [02:58, 394.13 examples/s]Generating train split: 72150 examples [02:58, 389.81 examples/s]Generating train split: 72250 examples [02:59, 384.65 examples/s]Generating train split: 72350 examples [02:59, 393.50 examples/s]Generating train split: 72450 examples [02:59, 391.68 examples/s]Generating train split: 72550 examples [02:59, 403.14 examples/s]Generating train split: 72650 examples [03:00, 404.92 examples/s]Generating train split: 72750 examples [03:00, 396.25 examples/s]Generating train split: 72850 examples [03:00, 390.71 examples/s]Generating train split: 72950 examples [03:00, 395.33 examples/s]Generating train split: 73050 examples [03:01, 405.96 examples/s]Generating train split: 73150 examples [03:01, 390.02 examples/s]Generating train split: 73250 examples [03:01, 379.26 examples/s]Generating train split: 73350 examples [03:02, 343.68 examples/s]Generating train split: 73450 examples [03:02, 344.80 examples/s]Generating train split: 73550 examples [03:02, 355.22 examples/s]Generating train split: 73650 examples [03:02, 372.43 examples/s]Generating train split: 73750 examples [03:03, 389.76 examples/s]Generating train split: 73850 examples [03:03, 388.42 examples/s]Generating train split: 73950 examples [03:03, 389.59 examples/s]Generating train split: 74050 examples [03:03, 376.82 examples/s]Generating train split: 74150 examples [03:04, 384.15 examples/s]Generating train split: 74250 examples [03:04, 395.63 examples/s]Generating train split: 74350 examples [03:04, 400.28 examples/s]Generating train split: 74450 examples [03:04, 406.20 examples/s]Generating train split: 74550 examples [03:05, 412.28 examples/s]Generating train split: 74650 examples [03:05, 408.69 examples/s]Generating train split: 74750 examples [03:05, 411.92 examples/s]Generating train split: 74850 examples [03:05, 418.43 examples/s]Generating train split: 74950 examples [03:06, 407.06 examples/s]Generating train split: 75050 examples [03:06, 407.89 examples/s]Generating train split: 75150 examples [03:06, 409.30 examples/s]Generating train split: 75250 examples [03:06, 399.81 examples/s]Generating train split: 75350 examples [03:07, 407.72 examples/s]Generating train split: 75450 examples [03:07, 399.52 examples/s]Generating train split: 75550 examples [03:07, 403.86 examples/s]Generating train split: 75650 examples [03:07, 403.00 examples/s]Generating train split: 75750 examples [03:08, 394.42 examples/s]Generating train split: 75850 examples [03:08, 384.92 examples/s]Generating train split: 75950 examples [03:08, 363.17 examples/s]Generating train split: 76050 examples [03:08, 368.11 examples/s]Generating train split: 76150 examples [03:09, 367.69 examples/s]Generating train split: 76250 examples [03:09, 379.67 examples/s]Generating train split: 76350 examples [03:09, 376.59 examples/s]Generating train split: 76450 examples [03:09, 371.69 examples/s]Generating train split: 76550 examples [03:10, 368.73 examples/s]Generating train split: 76650 examples [03:10, 373.25 examples/s]Generating train split: 76750 examples [03:10, 365.71 examples/s]Generating train split: 76850 examples [03:11, 370.38 examples/s]Generating train split: 76950 examples [03:11, 373.39 examples/s]Generating train split: 77050 examples [03:11, 383.93 examples/s]Generating train split: 77150 examples [03:11, 386.23 examples/s]Generating train split: 77250 examples [03:12, 381.86 examples/s]Generating train split: 77350 examples [03:12, 375.11 examples/s]Generating train split: 77450 examples [03:12, 383.16 examples/s]Generating train split: 77550 examples [03:12, 381.50 examples/s]Generating train split: 77650 examples [03:13, 400.06 examples/s]Generating train split: 77750 examples [03:13, 407.33 examples/s]Generating train split: 77850 examples [03:13, 390.22 examples/s]Generating train split: 77950 examples [03:13, 376.68 examples/s]Generating train split: 78050 examples [03:14, 374.51 examples/s]Generating train split: 78150 examples [03:14, 369.23 examples/s]Generating train split: 78250 examples [03:14, 356.73 examples/s]Generating train split: 78350 examples [03:15, 362.83 examples/s]Generating train split: 78450 examples [03:15, 374.93 examples/s]Generating train split: 78550 examples [03:15, 386.30 examples/s]Generating train split: 78650 examples [03:15, 396.47 examples/s]Generating train split: 78750 examples [03:16, 399.01 examples/s]Generating train split: 78850 examples [03:16, 399.74 examples/s]Generating train split: 78950 examples [03:16, 399.44 examples/s]Generating train split: 79050 examples [03:16, 390.18 examples/s]Generating train split: 79150 examples [03:17, 382.54 examples/s]Generating train split: 79250 examples [03:17, 382.47 examples/s]Generating train split: 79350 examples [03:17, 390.95 examples/s]Generating train split: 79450 examples [03:17, 400.25 examples/s]Generating train split: 79550 examples [03:18, 405.12 examples/s]Generating train split: 79625 examples [03:18, 398.88 examples/s]Generating train split: 79725 examples [03:18, 389.39 examples/s]Generating train split: 79825 examples [03:18, 393.05 examples/s]Generating train split: 79925 examples [03:18, 403.04 examples/s]Generating train split: 80025 examples [03:19, 405.45 examples/s]Generating train split: 80125 examples [03:19, 403.84 examples/s]Generating train split: 80225 examples [03:19, 387.92 examples/s]Generating train split: 80325 examples [03:20, 385.89 examples/s]Generating train split: 80425 examples [03:20, 390.01 examples/s]Generating train split: 80525 examples [03:20, 392.54 examples/s]Generating train split: 80625 examples [03:20, 397.10 examples/s]Generating train split: 80725 examples [03:21, 400.84 examples/s]Generating train split: 80825 examples [03:21, 402.95 examples/s]Generating train split: 80925 examples [03:21, 393.99 examples/s]Generating train split: 81025 examples [03:21, 390.61 examples/s]Generating train split: 81125 examples [03:22, 393.23 examples/s]Generating train split: 81225 examples [03:22, 393.95 examples/s]Generating train split: 81325 examples [03:22, 385.99 examples/s]Generating train split: 81425 examples [03:22, 377.36 examples/s]Generating train split: 81525 examples [03:23, 386.95 examples/s]Generating train split: 81625 examples [03:23, 387.48 examples/s]Generating train split: 81725 examples [03:23, 373.97 examples/s]Generating train split: 81825 examples [03:23, 383.75 examples/s]Generating train split: 81925 examples [03:24, 386.11 examples/s]Generating train split: 82025 examples [03:24, 390.59 examples/s]Generating train split: 82125 examples [03:24, 393.76 examples/s]Generating train split: 82225 examples [03:24, 413.41 examples/s]Generating train split: 82325 examples [03:25, 416.76 examples/s]Generating train split: 82425 examples [03:25, 416.40 examples/s]Generating train split: 82525 examples [03:25, 416.37 examples/s]Generating train split: 82625 examples [03:25, 407.06 examples/s]Generating train split: 82725 examples [03:26, 417.50 examples/s]Generating train split: 82825 examples [03:26, 415.34 examples/s]Generating train split: 82925 examples [03:26, 417.91 examples/s]Generating train split: 83025 examples [03:26, 429.02 examples/s]Generating train split: 83125 examples [03:26, 436.91 examples/s]Generating train split: 83225 examples [03:27, 440.18 examples/s]Generating train split: 83325 examples [03:27, 426.19 examples/s]Generating train split: 83425 examples [03:27, 410.95 examples/s]Generating train split: 83525 examples [03:27, 405.94 examples/s]Generating train split: 83625 examples [03:28, 420.68 examples/s]Generating train split: 83725 examples [03:28, 432.10 examples/s]Generating train split: 83825 examples [03:28, 418.22 examples/s]Generating train split: 83925 examples [03:28, 406.15 examples/s]Generating train split: 84025 examples [03:29, 396.69 examples/s]Generating train split: 84125 examples [03:29, 407.38 examples/s]Generating train split: 84225 examples [03:29, 404.78 examples/s]Generating train split: 84325 examples [03:29, 412.27 examples/s]Generating train split: 84425 examples [03:30, 411.94 examples/s]Generating train split: 84525 examples [03:30, 390.51 examples/s]Generating train split: 84625 examples [03:30, 399.05 examples/s]Generating train split: 84725 examples [03:30, 406.77 examples/s]Generating train split: 84825 examples [03:31, 414.78 examples/s]Generating train split: 84925 examples [03:31, 416.65 examples/s]Generating train split: 85025 examples [03:31, 410.88 examples/s]Generating train split: 85125 examples [03:31, 413.33 examples/s]Generating train split: 85225 examples [03:32, 410.38 examples/s]Generating train split: 85325 examples [03:32, 388.62 examples/s]Generating train split: 85425 examples [03:32, 394.50 examples/s]Generating train split: 85525 examples [03:32, 396.09 examples/s]Generating train split: 85625 examples [03:33, 393.15 examples/s]Generating train split: 85725 examples [03:33, 393.26 examples/s]Generating train split: 85825 examples [03:33, 395.36 examples/s]Generating train split: 85925 examples [03:33, 402.70 examples/s]Generating train split: 86025 examples [03:34, 402.98 examples/s]Generating train split: 86125 examples [03:34, 416.32 examples/s]Generating train split: 86225 examples [03:34, 414.90 examples/s]Generating train split: 86325 examples [03:34, 412.08 examples/s]Generating train split: 86425 examples [03:35, 414.87 examples/s]Generating train split: 86525 examples [03:35, 405.41 examples/s]Generating train split: 86625 examples [03:35, 414.94 examples/s]Generating train split: 86725 examples [03:35, 401.96 examples/s]Generating train split: 86825 examples [03:36, 393.27 examples/s]Generating train split: 86925 examples [03:36, 397.18 examples/s]Generating train split: 87025 examples [03:36, 402.35 examples/s]Generating train split: 87125 examples [03:36, 406.61 examples/s]Generating train split: 87225 examples [03:37, 416.62 examples/s]Generating train split: 87325 examples [03:37, 423.30 examples/s]Generating train split: 87425 examples [03:37, 423.70 examples/s]Generating train split: 87525 examples [03:37, 412.68 examples/s]Generating train split: 87625 examples [03:38, 411.35 examples/s]Generating train split: 87725 examples [03:38, 404.79 examples/s]Generating train split: 87825 examples [03:38, 393.87 examples/s]Generating train split: 87925 examples [03:38, 392.72 examples/s]Generating train split: 88025 examples [03:39, 409.10 examples/s]Generating train split: 88125 examples [03:39, 414.17 examples/s]Generating train split: 88225 examples [03:39, 410.88 examples/s]Generating train split: 88325 examples [03:39, 403.39 examples/s]Generating train split: 88425 examples [03:40, 397.21 examples/s]Generating train split: 88525 examples [03:40, 402.88 examples/s]Generating train split: 88625 examples [03:40, 394.40 examples/s]Generating train split: 88725 examples [03:40, 402.33 examples/s]Generating train split: 88825 examples [03:40, 401.68 examples/s]Generating train split: 88925 examples [03:41, 407.30 examples/s]Generating train split: 89025 examples [03:41, 392.66 examples/s]Generating train split: 89125 examples [03:41, 391.34 examples/s]Generating train split: 89225 examples [03:42, 375.17 examples/s]Generating train split: 89325 examples [03:42, 369.90 examples/s]Generating train split: 89425 examples [03:42, 385.71 examples/s]Generating train split: 89525 examples [03:42, 373.27 examples/s]Generating train split: 89625 examples [03:43, 375.79 examples/s]Generating train split: 89725 examples [03:43, 368.25 examples/s]Generating train split: 89825 examples [03:43, 368.30 examples/s]Generating train split: 89925 examples [03:43, 371.25 examples/s]Generating train split: 90025 examples [03:44, 369.72 examples/s]Generating train split: 90125 examples [03:44, 377.22 examples/s]Generating train split: 90225 examples [03:44, 384.14 examples/s]Generating train split: 90325 examples [03:44, 398.83 examples/s]Generating train split: 90425 examples [03:45, 413.72 examples/s]Generating train split: 90525 examples [03:45, 418.29 examples/s]Generating train split: 90625 examples [03:45, 407.92 examples/s]Generating train split: 90725 examples [03:45, 416.97 examples/s]Generating train split: 90825 examples [03:46, 427.11 examples/s]Generating train split: 90925 examples [03:46, 424.98 examples/s]Generating train split: 91000 examples [03:46, 423.22 examples/s]Generating train split: 91000 examples [03:46, 401.70 examples/s]
Downloading shards: 100%|██████████| 2/2 [1:18:38<00:00, 2276.83s/it]Downloading shards: 100%|██████████| 2/2 [1:18:38<00:00, 2359.04s/it]
Loading checkpoint shards:   0%|          | 0/2 [00:00<?, ?it/s]Loading checkpoint shards:  50%|█████     | 1/2 [00:00<00:00,  3.50it/s]Loading checkpoint shards: 100%|██████████| 2/2 [00:00<00:00,  4.42it/s]Loading checkpoint shards: 100%|██████████| 2/2 [00:00<00:00,  4.25it/s]
Downloading shards:  50%|█████     | 1/2 [1:24:36<1:24:36, 5076.28s/it]Error while downloading from https://cdn-lfs-us-1.hf.co/repos/2d/56/2d56bf0a78035a32beca195e5fd8a95b11853d23625209c43e60241a85a8b4a6/ec87bffd1923e8b2774a6d240c922a41f6143081d52cf83b8fe39e9d838c893e?response-content-disposition=inline%3B+filename*%3DUTF-8%27%27model-00001-of-00002.safetensors%3B+filename%3D%22model-00001-of-00002.safetensors%22%3B&Expires=1732282611&Policy=eyJTdGF0ZW1lbnQiOlt7IkNvbmRpdGlvbiI6eyJEYXRlTGVzc1RoYW4iOnsiQVdTOkVwb2NoVGltZSI6MTczMjI4MjYxMX19LCJSZXNvdXJjZSI6Imh0dHBzOi8vY2RuLWxmcy11cy0xLmhmLmNvL3JlcG9zLzJkLzU2LzJkNTZiZjBhNzgwMzVhMzJiZWNhMTk1ZTVmZDhhOTViMTE4NTNkMjM2MjUyMDljNDNlNjAyNDFhODVhOGI0YTYvZWM4N2JmZmQxOTIzZThiMjc3NGE2ZDI0MGM5MjJhNDFmNjE0MzA4MWQ1MmNmODNiOGZlMzllOWQ4MzhjODkzZT9yZXNwb25zZS1jb250ZW50LWRpc3Bvc2l0aW9uPSoifV19&Signature=KlsrCDFDzq7SP4ZZMY2NQAyphpT-dIIY7qieglY1up-5P1HMAsR7PJBEiWshvtXfazQLNmzQh1byl182AHK8Y-lNOW-lm0%7EDYicN7cKWrDbm-pdJLHruA82StdpWmbSG3NF67mfOQjumbdUwWrpV%7E3a%7Ev%7ExFik6s3TQsEvM3n1Q1boqSO3XBZUhB9uxSBBTTJj9NMgJZJDpEc1tHyf6-P84J4jn5GuDGuRCAKJFKRO7ToiJ4QiOyDrOLTWeSmfI5iQM6c%7EIwMb9%7EN5b%7EnZGpEE7UQ%7ErwysvK1i%7ELDl%7EgMNlPYmJ-klfcFxF-RXxjXUJfcscwfqewmhnK-LvTCNCBeQ__&Key-Pair-Id=K24J24Z295AEI9: HTTPSConnectionPool(host='cdn-lfs-us-1.hf.co', port=443): Read timed out.
Trying to resume download...
11/19/2024 23:08:07 - WARNING - huggingface_hub.file_download - Error while downloading from https://cdn-lfs-us-1.hf.co/repos/2d/56/2d56bf0a78035a32beca195e5fd8a95b11853d23625209c43e60241a85a8b4a6/ec87bffd1923e8b2774a6d240c922a41f6143081d52cf83b8fe39e9d838c893e?response-content-disposition=inline%3B+filename*%3DUTF-8%27%27model-00001-of-00002.safetensors%3B+filename%3D%22model-00001-of-00002.safetensors%22%3B&Expires=1732282611&Policy=eyJTdGF0ZW1lbnQiOlt7IkNvbmRpdGlvbiI6eyJEYXRlTGVzc1RoYW4iOnsiQVdTOkVwb2NoVGltZSI6MTczMjI4MjYxMX19LCJSZXNvdXJjZSI6Imh0dHBzOi8vY2RuLWxmcy11cy0xLmhmLmNvL3JlcG9zLzJkLzU2LzJkNTZiZjBhNzgwMzVhMzJiZWNhMTk1ZTVmZDhhOTViMTE4NTNkMjM2MjUyMDljNDNlNjAyNDFhODVhOGI0YTYvZWM4N2JmZmQxOTIzZThiMjc3NGE2ZDI0MGM5MjJhNDFmNjE0MzA4MWQ1MmNmODNiOGZlMzllOWQ4MzhjODkzZT9yZXNwb25zZS1jb250ZW50LWRpc3Bvc2l0aW9uPSoifV19&Signature=KlsrCDFDzq7SP4ZZMY2NQAyphpT-dIIY7qieglY1up-5P1HMAsR7PJBEiWshvtXfazQLNmzQh1byl182AHK8Y-lNOW-lm0%7EDYicN7cKWrDbm-pdJLHruA82StdpWmbSG3NF67mfOQjumbdUwWrpV%7E3a%7Ev%7ExFik6s3TQsEvM3n1Q1boqSO3XBZUhB9uxSBBTTJj9NMgJZJDpEc1tHyf6-P84J4jn5GuDGuRCAKJFKRO7ToiJ4QiOyDrOLTWeSmfI5iQM6c%7EIwMb9%7EN5b%7EnZGpEE7UQ%7ErwysvK1i%7ELDl%7EgMNlPYmJ-klfcFxF-RXxjXUJfcscwfqewmhnK-LvTCNCBeQ__&Key-Pair-Id=K24J24Z295AEI9: HTTPSConnectionPool(host='cdn-lfs-us-1.hf.co', port=443): Read timed out.
Trying to resume download...
Init model
Loading checkpoint
Init AE
743.80728 parameters
Downloading shards: 100%|██████████| 2/2 [1:54:58<00:00, 3162.16s/it]  Downloading shards: 100%|██████████| 2/2 [1:54:58<00:00, 3449.28s/it]
Loading checkpoint shards:   0%|          | 0/2 [00:00<?, ?it/s]Loading checkpoint shards:  50%|█████     | 1/2 [00:00<00:00,  3.70it/s]Loading checkpoint shards: 100%|██████████| 2/2 [00:00<00:00,  4.60it/s]Loading checkpoint shards: 100%|██████████| 2/2 [00:00<00:00,  4.43it/s]
Init model
Loading checkpoint
Init AE
743.80728 parameters
Downloading shards:  50%|█████     | 1/2 [1:59:48<1:59:48, 7188.14s/it]Downloading shards: 100%|██████████| 2/2 [2:17:42<00:00, 3591.68s/it]  Downloading shards: 100%|██████████| 2/2 [2:17:42<00:00, 4131.15s/it]
Loading checkpoint shards:   0%|          | 0/2 [00:00<?, ?it/s]Loading checkpoint shards:  50%|█████     | 1/2 [00:00<00:00,  3.27it/s]Loading checkpoint shards: 100%|██████████| 2/2 [00:00<00:00,  3.81it/s]Loading checkpoint shards: 100%|██████████| 2/2 [00:00<00:00,  3.71it/s]
Init model
Loading checkpoint
Init AE
743.80728 parameters
11/20/2024 00:00:28 - INFO - __main__ - ***** Running training *****
11/20/2024 00:00:28 - INFO - __main__ -   Num Epochs = 9
11/20/2024 00:00:28 - INFO - __main__ -   Instantaneous batch size per device = 3
11/20/2024 00:00:28 - INFO - __main__ -   Total train batch size (w. parallel, distributed & accumulation) = 24
11/20/2024 00:00:28 - INFO - __main__ -   Gradient Accumulation steps = 2
11/20/2024 00:00:28 - INFO - __main__ -   Total optimization steps = 100000
Checkpoint 'latest' does not exist. Starting a new training run.
Steps:   0%|          | 0/100000 [00:00<?, ?it/s][rank0]: Traceback (most recent call last):
[rank0]:   File "/mnt/petrelfs/zhaoshitian/anaconda3/envs/xlab/lib/python3.10/site-packages/torch/utils/data/dataloader.py", line 1243, in _try_get_data
[rank0]:     data = self._data_queue.get(timeout=timeout)
[rank0]:   File "/mnt/petrelfs/zhaoshitian/anaconda3/envs/xlab/lib/python3.10/multiprocessing/queues.py", line 113, in get
[rank0]:     if not self._poll(timeout):
[rank0]:   File "/mnt/petrelfs/zhaoshitian/anaconda3/envs/xlab/lib/python3.10/multiprocessing/connection.py", line 262, in poll
[rank0]:     return self._poll(timeout)
[rank0]:   File "/mnt/petrelfs/zhaoshitian/anaconda3/envs/xlab/lib/python3.10/multiprocessing/connection.py", line 429, in _poll
[rank0]:     r = wait([self], timeout)
[rank0]:   File "/mnt/petrelfs/zhaoshitian/anaconda3/envs/xlab/lib/python3.10/multiprocessing/connection.py", line 936, in wait
[rank0]:     ready = selector.select(timeout)
[rank0]:   File "/mnt/petrelfs/zhaoshitian/anaconda3/envs/xlab/lib/python3.10/selectors.py", line 416, in select
[rank0]:     fd_event_list = self._selector.poll(timeout)
[rank0]:   File "/mnt/petrelfs/zhaoshitian/anaconda3/envs/xlab/lib/python3.10/site-packages/torch/utils/data/_utils/signal_handling.py", line 73, in handler
[rank0]:     _error_if_any_worker_fails()
[rank0]: RuntimeError: DataLoader worker (pid 497223) is killed by signal: Killed. 

[rank0]: The above exception was the direct cause of the following exception:

[rank0]: Traceback (most recent call last):
[rank0]:   File "/mnt/petrelfs/zhaoshitian/x-flux-forge/train_flux_deepspeed_controlnet.py", line 317, in <module>
[rank0]:     main()
[rank0]:   File "/mnt/petrelfs/zhaoshitian/x-flux-forge/train_flux_deepspeed_controlnet.py", line 209, in main
[rank0]:     for step, batch in enumerate(train_dataloader):
[rank0]:   File "/mnt/petrelfs/zhaoshitian/anaconda3/envs/xlab/lib/python3.10/site-packages/torch/utils/data/dataloader.py", line 701, in __next__
[rank0]:     data = self._next_data()
[rank0]:   File "/mnt/petrelfs/zhaoshitian/anaconda3/envs/xlab/lib/python3.10/site-packages/torch/utils/data/dataloader.py", line 1448, in _next_data
[rank0]:     idx, data = self._get_data()
[rank0]:   File "/mnt/petrelfs/zhaoshitian/anaconda3/envs/xlab/lib/python3.10/site-packages/torch/utils/data/dataloader.py", line 1412, in _get_data
[rank0]:     success, data = self._try_get_data()
[rank0]:   File "/mnt/petrelfs/zhaoshitian/anaconda3/envs/xlab/lib/python3.10/site-packages/torch/utils/data/dataloader.py", line 1256, in _try_get_data
[rank0]:     raise RuntimeError(
[rank0]: RuntimeError: DataLoader worker (pid(s) 497223) exited unexpectedly
[rank3]: Traceback (most recent call last):
[rank3]:   File "/mnt/petrelfs/zhaoshitian/anaconda3/envs/xlab/lib/python3.10/site-packages/torch/utils/data/dataloader.py", line 1243, in _try_get_data
[rank3]:     data = self._data_queue.get(timeout=timeout)
[rank3]:   File "/mnt/petrelfs/zhaoshitian/anaconda3/envs/xlab/lib/python3.10/multiprocessing/queues.py", line 113, in get
[rank3]:     if not self._poll(timeout):
[rank3]:   File "/mnt/petrelfs/zhaoshitian/anaconda3/envs/xlab/lib/python3.10/multiprocessing/connection.py", line 262, in poll
[rank3]:     return self._poll(timeout)
[rank3]:   File "/mnt/petrelfs/zhaoshitian/anaconda3/envs/xlab/lib/python3.10/multiprocessing/connection.py", line 429, in _poll
[rank3]:     r = wait([self], timeout)
[rank3]:   File "/mnt/petrelfs/zhaoshitian/anaconda3/envs/xlab/lib/python3.10/multiprocessing/connection.py", line 936, in wait
[rank3]:     ready = selector.select(timeout)
[rank3]:   File "/mnt/petrelfs/zhaoshitian/anaconda3/envs/xlab/lib/python3.10/selectors.py", line 416, in select
[rank3]:     fd_event_list = self._selector.poll(timeout)
[rank3]:   File "/mnt/petrelfs/zhaoshitian/anaconda3/envs/xlab/lib/python3.10/site-packages/torch/utils/data/_utils/signal_handling.py", line 73, in handler
[rank3]:     _error_if_any_worker_fails()
[rank3]: RuntimeError: DataLoader worker (pid 497224) is killed by signal: Killed. 

[rank3]: The above exception was the direct cause of the following exception:

[rank3]: Traceback (most recent call last):
[rank3]:   File "/mnt/petrelfs/zhaoshitian/x-flux-forge/train_flux_deepspeed_controlnet.py", line 317, in <module>
[rank3]:     main()
[rank3]:   File "/mnt/petrelfs/zhaoshitian/x-flux-forge/train_flux_deepspeed_controlnet.py", line 209, in main
[rank3]:     for step, batch in enumerate(train_dataloader):
[rank3]:   File "/mnt/petrelfs/zhaoshitian/anaconda3/envs/xlab/lib/python3.10/site-packages/torch/utils/data/dataloader.py", line 701, in __next__
[rank3]:     data = self._next_data()
[rank3]:   File "/mnt/petrelfs/zhaoshitian/anaconda3/envs/xlab/lib/python3.10/site-packages/torch/utils/data/dataloader.py", line 1448, in _next_data
[rank3]:     idx, data = self._get_data()
[rank3]:   File "/mnt/petrelfs/zhaoshitian/anaconda3/envs/xlab/lib/python3.10/site-packages/torch/utils/data/dataloader.py", line 1412, in _get_data
[rank3]:     success, data = self._try_get_data()
[rank3]:   File "/mnt/petrelfs/zhaoshitian/anaconda3/envs/xlab/lib/python3.10/site-packages/torch/utils/data/dataloader.py", line 1256, in _try_get_data
[rank3]:     raise RuntimeError(
[rank3]: RuntimeError: DataLoader worker (pid(s) 497224) exited unexpectedly
[rank1]: Traceback (most recent call last):
[rank1]:   File "/mnt/petrelfs/zhaoshitian/anaconda3/envs/xlab/lib/python3.10/site-packages/torch/utils/data/dataloader.py", line 1243, in _try_get_data
[rank1]:     data = self._data_queue.get(timeout=timeout)
[rank1]:   File "/mnt/petrelfs/zhaoshitian/anaconda3/envs/xlab/lib/python3.10/multiprocessing/queues.py", line 113, in get
[rank1]:     if not self._poll(timeout):
[rank1]:   File "/mnt/petrelfs/zhaoshitian/anaconda3/envs/xlab/lib/python3.10/multiprocessing/connection.py", line 262, in poll
[rank1]:     return self._poll(timeout)
[rank1]:   File "/mnt/petrelfs/zhaoshitian/anaconda3/envs/xlab/lib/python3.10/multiprocessing/connection.py", line 429, in _poll
[rank1]:     r = wait([self], timeout)
[rank1]:   File "/mnt/petrelfs/zhaoshitian/anaconda3/envs/xlab/lib/python3.10/multiprocessing/connection.py", line 936, in wait
[rank1]:     ready = selector.select(timeout)
[rank1]:   File "/mnt/petrelfs/zhaoshitian/anaconda3/envs/xlab/lib/python3.10/selectors.py", line 416, in select
[rank1]:     fd_event_list = self._selector.poll(timeout)
[rank1]:   File "/mnt/petrelfs/zhaoshitian/anaconda3/envs/xlab/lib/python3.10/site-packages/torch/utils/data/_utils/signal_handling.py", line 73, in handler
[rank1]:     _error_if_any_worker_fails()
[rank1]: RuntimeError: DataLoader worker (pid 497665) is killed by signal: Killed. 

[rank1]: The above exception was the direct cause of the following exception:

[rank1]: Traceback (most recent call last):
[rank1]:   File "/mnt/petrelfs/zhaoshitian/x-flux-forge/train_flux_deepspeed_controlnet.py", line 317, in <module>
[rank1]:     main()
[rank1]:   File "/mnt/petrelfs/zhaoshitian/x-flux-forge/train_flux_deepspeed_controlnet.py", line 209, in main
[rank1]:     for step, batch in enumerate(train_dataloader):
[rank1]:   File "/mnt/petrelfs/zhaoshitian/anaconda3/envs/xlab/lib/python3.10/site-packages/torch/utils/data/dataloader.py", line 701, in __next__
[rank1]:     data = self._next_data()
[rank1]:   File "/mnt/petrelfs/zhaoshitian/anaconda3/envs/xlab/lib/python3.10/site-packages/torch/utils/data/dataloader.py", line 1448, in _next_data
[rank1]:     idx, data = self._get_data()
[rank1]:   File "/mnt/petrelfs/zhaoshitian/anaconda3/envs/xlab/lib/python3.10/site-packages/torch/utils/data/dataloader.py", line 1412, in _get_data
[rank1]:     success, data = self._try_get_data()
[rank1]:   File "/mnt/petrelfs/zhaoshitian/anaconda3/envs/xlab/lib/python3.10/site-packages/torch/utils/data/dataloader.py", line 1256, in _try_get_data
[rank1]:     raise RuntimeError(
[rank1]: RuntimeError: DataLoader worker (pid(s) 497665) exited unexpectedly
[rank2]: Traceback (most recent call last):
[rank2]:   File "/mnt/petrelfs/zhaoshitian/anaconda3/envs/xlab/lib/python3.10/site-packages/torch/utils/data/dataloader.py", line 1243, in _try_get_data
[rank2]:     data = self._data_queue.get(timeout=timeout)
[rank2]:   File "/mnt/petrelfs/zhaoshitian/anaconda3/envs/xlab/lib/python3.10/multiprocessing/queues.py", line 113, in get
[rank2]:     if not self._poll(timeout):
[rank2]:   File "/mnt/petrelfs/zhaoshitian/anaconda3/envs/xlab/lib/python3.10/multiprocessing/connection.py", line 262, in poll
[rank2]:     return self._poll(timeout)
[rank2]:   File "/mnt/petrelfs/zhaoshitian/anaconda3/envs/xlab/lib/python3.10/multiprocessing/connection.py", line 429, in _poll
[rank2]:     r = wait([self], timeout)
[rank2]:   File "/mnt/petrelfs/zhaoshitian/anaconda3/envs/xlab/lib/python3.10/multiprocessing/connection.py", line 936, in wait
[rank2]:     ready = selector.select(timeout)
[rank2]:   File "/mnt/petrelfs/zhaoshitian/anaconda3/envs/xlab/lib/python3.10/selectors.py", line 416, in select
[rank2]:     fd_event_list = self._selector.poll(timeout)
[rank2]:   File "/mnt/petrelfs/zhaoshitian/anaconda3/envs/xlab/lib/python3.10/site-packages/torch/utils/data/_utils/signal_handling.py", line 73, in handler
[rank2]:     _error_if_any_worker_fails()
[rank2]: RuntimeError: DataLoader worker (pid 497225) is killed by signal: Killed. 

[rank2]: The above exception was the direct cause of the following exception:

[rank2]: Traceback (most recent call last):
[rank2]:   File "/mnt/petrelfs/zhaoshitian/x-flux-forge/train_flux_deepspeed_controlnet.py", line 317, in <module>
[rank2]:     main()
[rank2]:   File "/mnt/petrelfs/zhaoshitian/x-flux-forge/train_flux_deepspeed_controlnet.py", line 209, in main
[rank2]:     for step, batch in enumerate(train_dataloader):
[rank2]:   File "/mnt/petrelfs/zhaoshitian/anaconda3/envs/xlab/lib/python3.10/site-packages/torch/utils/data/dataloader.py", line 701, in __next__
[rank2]:     data = self._next_data()
[rank2]:   File "/mnt/petrelfs/zhaoshitian/anaconda3/envs/xlab/lib/python3.10/site-packages/torch/utils/data/dataloader.py", line 1448, in _next_data
[rank2]:     idx, data = self._get_data()
[rank2]:   File "/mnt/petrelfs/zhaoshitian/anaconda3/envs/xlab/lib/python3.10/site-packages/torch/utils/data/dataloader.py", line 1412, in _get_data
[rank2]:     success, data = self._try_get_data()
[rank2]:   File "/mnt/petrelfs/zhaoshitian/anaconda3/envs/xlab/lib/python3.10/site-packages/torch/utils/data/dataloader.py", line 1256, in _try_get_data
[rank2]:     raise RuntimeError(
[rank2]: RuntimeError: DataLoader worker (pid(s) 497225) exited unexpectedly
W1120 00:06:04.504674 342941 site-packages/torch/distributed/elastic/multiprocessing/api.py:897] Sending process 343127 closing signal SIGTERM
W1120 00:06:04.508740 342941 site-packages/torch/distributed/elastic/multiprocessing/api.py:897] Sending process 343128 closing signal SIGTERM
W1120 00:06:04.509331 342941 site-packages/torch/distributed/elastic/multiprocessing/api.py:897] Sending process 343129 closing signal SIGTERM
E1120 00:06:04.824152 342941 site-packages/torch/distributed/elastic/multiprocessing/api.py:869] failed (exitcode: 1) local_rank: 3 (pid: 343130) of binary: /mnt/petrelfs/zhaoshitian/anaconda3/envs/xlab/bin/python
Traceback (most recent call last):
  File "/mnt/petrelfs/zhaoshitian/anaconda3/envs/xlab/bin/accelerate", line 8, in <module>
    sys.exit(main())
  File "/mnt/petrelfs/zhaoshitian/anaconda3/envs/xlab/lib/python3.10/site-packages/accelerate/commands/accelerate_cli.py", line 48, in main
    args.func(args)
  File "/mnt/petrelfs/zhaoshitian/anaconda3/envs/xlab/lib/python3.10/site-packages/accelerate/commands/launch.py", line 1159, in launch_command
    multi_gpu_launcher(args)
  File "/mnt/petrelfs/zhaoshitian/anaconda3/envs/xlab/lib/python3.10/site-packages/accelerate/commands/launch.py", line 793, in multi_gpu_launcher
    distrib_run.run(args)
  File "/mnt/petrelfs/zhaoshitian/anaconda3/envs/xlab/lib/python3.10/site-packages/torch/distributed/run.py", line 910, in run
    elastic_launch(
  File "/mnt/petrelfs/zhaoshitian/anaconda3/envs/xlab/lib/python3.10/site-packages/torch/distributed/launcher/api.py", line 138, in __call__
    return launch_agent(self._config, self._entrypoint, list(args))
  File "/mnt/petrelfs/zhaoshitian/anaconda3/envs/xlab/lib/python3.10/site-packages/torch/distributed/launcher/api.py", line 269, in launch_agent
    raise ChildFailedError(
torch.distributed.elastic.multiprocessing.errors.ChildFailedError: 
============================================================
train_flux_deepspeed_controlnet.py FAILED
------------------------------------------------------------
Failures:
  <NO_OTHER_FAILURES>
------------------------------------------------------------
Root Cause (first observed failure):
[0]:
  time      : 2024-11-20_00:06:04
  host      : SH-IDC1-10-140-1-152
  rank      : 3 (local_rank: 3)
  exitcode  : 1 (pid: 343130)
  error_file: <N/A>
  traceback : To enable traceback see: https://pytorch.org/docs/stable/elastic/errors.html
============================================================
srun: error: SH-IDC1-10-140-1-152: task 0: Exited with exit code 1
